<?xml version="1.0" encoding="UTF-8"?>
<!-- Generated by org.testng.reporters.JUnitReportReporter -->
<testsuite hostname="RENTAL-054" failures="0" tests="1" name="Session3.LaunchAzamAPP" time="9.960" errors="0" timestamp="2021-09-30T22:38:00 IST" skipped="0">
  <testcase classname="Session3.LaunchAzamAPP" name="NavigatetoScreens" time="9.960"/>
  <system-out/>
</testsuite> <!-- Session3.LaunchAzamAPP -->
