<?xml version="1.0" encoding="UTF-8"?>
<!-- Generated by org.testng.reporters.JUnitReportReporter -->
<testsuite hostname="RENTAL-054" failures="0" tests="1" name="launch.Launch_AzamAPP" time="11.519" errors="0" timestamp="2021-09-19T21:30:12 IST" skipped="0">
  <testcase classname="launch.Launch_AzamAPP" name="NavigatetoScreens" time="11.519"/>
  <system-out/>
</testsuite> <!-- launch.Launch_AzamAPP -->
