<?xml version="1.0" encoding="UTF-8"?>
<!-- Generated by org.testng.reporters.JUnitReportReporter -->
<testsuite hostname="RENTAL-054" failures="0" tests="1" name="Session4.trail" time="90.092" errors="0" timestamp="2021-09-30T15:59:00 IST" skipped="0">
  <testcase classname="Session4.trail" name="test" time="90.092"/>
  <system-out/>
</testsuite> <!-- Session4.trail -->
