<?xml version="1.0" encoding="UTF-8"?>
<!-- Generated by org.testng.reporters.JUnitReportReporter -->
<testsuite hostname="RENTAL-054" failures="0" tests="1" name="Session4.navigatetoMovie" time="40.036" errors="0" timestamp="2021-09-30T19:58:40 IST" skipped="0">
  <testcase classname="Session4.navigatetoMovie" name="test" time="40.036"/>
  <system-out/>
</testsuite> <!-- Session4.navigatetoMovie -->
