<?xml version="1.0" encoding="UTF-8"?>
<!-- Generated by org.testng.reporters.JUnitReportReporter -->
<testsuite hostname="RENTAL-054" failures="0" tests="1" name="Session3.NavigatetoRegistration" time="23.810" errors="0" timestamp="2021-09-30T22:45:59 IST" skipped="0">
  <testcase classname="Session3.NavigatetoRegistration" name="RegisterinAzam" time="23.810"/>
  <system-out/>
</testsuite> <!-- Session3.NavigatetoRegistration -->
