<?xml version="1.0" encoding="UTF-8"?>
<!-- Generated by org.testng.reporters.JUnitReportReporter -->
<testsuite hostname="RENTAL-054" failures="0" tests="1" name="launch.SearchMovie" time="18.600" errors="0" timestamp="2021-09-22T12:38:24 IST" skipped="0">
  <testcase classname="launch.SearchMovie" name="SearchMovieinAzam" time="18.600"/>
  <system-out/>
</testsuite> <!-- launch.SearchMovie -->
