<?xml version="1.0" encoding="UTF-8"?>
<!-- Generated by org.testng.reporters.JUnitReportReporter -->
<testsuite hostname="RENTAL-054" failures="0" tests="1" name="Session3.SearchMovie" time="14.434" errors="0" timestamp="2021-09-30T22:48:09 IST" skipped="0">
  <testcase classname="Session3.SearchMovie" name="SearchMovieinAzam" time="14.434"/>
  <system-out/>
</testsuite> <!-- Session3.SearchMovie -->
