<?xml version="1.0" encoding="UTF-8"?>
<!-- Generated by org.testng.reporters.JUnitReportReporter -->
<testsuite hostname="RENTAL-054" failures="0" tests="1" name="Session4.registertoApp" time="51.633" errors="0" timestamp="2021-09-30T21:03:07 IST" skipped="0">
  <testcase classname="Session4.registertoApp" name="test" time="51.633"/>
  <system-out/>
</testsuite> <!-- Session4.registertoApp -->
