<?xml version="1.0" encoding="UTF-8"?>
<!-- Generated by org.testng.reporters.JUnitReportReporter -->
<testsuite hostname="RENTAL-054" failures="0" tests="1" name="launch.AzamAPP" time="11.745" errors="0" timestamp="2021-09-19T18:48:57 IST" skipped="0">
  <testcase classname="launch.AzamAPP" name="launchInstance" time="11.745"/>
  <system-out/>
</testsuite> <!-- launch.AzamAPP -->
