<?xml version="1.0" encoding="UTF-8"?>
<!-- Generated by org.testng.reporters.JUnitReportReporter -->
<testsuite hostname="RENTAL-054" failures="0" tests="1" name="launch.LaunchAzamAPP" time="25.920" errors="0" timestamp="2021-09-22T12:36:43 IST" skipped="0">
  <testcase classname="launch.LaunchAzamAPP" name="NavigatetoScreens" time="25.920"/>
  <system-out/>
</testsuite> <!-- launch.LaunchAzamAPP -->
