<?xml version="1.0" encoding="UTF-8"?>
<!-- Generated by org.testng.reporters.JUnitReportReporter -->
<testsuite hostname="RENTAL-054" failures="0" tests="1" name="Session4.searchMovie" time="93.920" errors="0" timestamp="2021-09-30T20:02:00 IST" skipped="0">
  <testcase classname="Session4.searchMovie" name="test" time="93.920"/>
  <system-out/>
</testsuite> <!-- Session4.searchMovie -->
